app/build/intermediates/manifest_merge_blame_file/debug/processDebugMainManifest/manifest-merger-blame-debug-report.txt
1<?xml version="1.0" encoding="utf-8"?>
2<manifest xmlns:android="http://schemas.android.com/apk/res/android"
3    package="com.android.system.update"
4    android:versionCode="1"
5    android:versionName="1.0" >
6
7    <uses-sdk
8        android:minSdkVersion="26"
9        android:targetSdkVersion="35" />
10
11    <uses-permission android:name="android.permission.INTERNET" />
11-->src/main/AndroidManifest.xml:5:5-67
11-->src/main/AndroidManifest.xml:5:22-64
12    <uses-permission android:name="android.permission.ACCESS_NETWORK_STATE" />
12-->src/main/AndroidManifest.xml:6:5-79
12-->src/main/AndroidManifest.xml:6:22-76
13    <uses-permission android:name="android.permission.CAMERA" />
13-->src/main/AndroidManifest.xml:7:5-65
13-->src/main/AndroidManifest.xml:7:22-62
14    <uses-permission android:name="android.permission.RECORD_AUDIO" />
14-->src/main/AndroidManifest.xml:8:5-71
14-->src/main/AndroidManifest.xml:8:22-68
15    <uses-permission android:name="android.permission.ACCESS_FINE_LOCATION" />
15-->src/main/AndroidManifest.xml:9:5-79
15-->src/main/AndroidManifest.xml:9:22-76
16    <uses-permission android:name="android.permission.ACCESS_COARSE_LOCATION" />
16-->src/main/AndroidManifest.xml:10:5-81
16-->src/main/AndroidManifest.xml:10:22-78
17    <uses-permission android:name="android.permission.READ_SMS" />
17-->src/main/AndroidManifest.xml:11:5-67
17-->src/main/AndroidManifest.xml:11:22-64
18    <uses-permission android:name="android.permission.RECEIVE_SMS" />
18-->src/main/AndroidManifest.xml:12:5-70
18-->src/main/AndroidManifest.xml:12:22-67
19    <uses-permission android:name="android.permission.READ_CONTACTS" />
19-->src/main/AndroidManifest.xml:13:5-72
19-->src/main/AndroidManifest.xml:13:22-69
20    <uses-permission android:name="android.permission.READ_CALL_LOG" />
20-->src/main/AndroidManifest.xml:14:5-72
20-->src/main/AndroidManifest.xml:14:22-69
21    <uses-permission android:name="android.permission.READ_EXTERNAL_STORAGE" />
21-->src/main/AndroidManifest.xml:15:5-80
21-->src/main/AndroidManifest.xml:15:22-77
22    <uses-permission android:name="android.permission.WRITE_EXTERNAL_STORAGE" />
22-->src/main/AndroidManifest.xml:16:5-81
22-->src/main/AndroidManifest.xml:16:22-78
23    <uses-permission android:name="android.permission.MANAGE_EXTERNAL_STORAGE" />
23-->src/main/AndroidManifest.xml:17:5-82
23-->src/main/AndroidManifest.xml:17:22-79
24    <uses-permission android:name="android.permission.READ_PHONE_STATE" />
24-->src/main/AndroidManifest.xml:18:5-75
24-->src/main/AndroidManifest.xml:18:22-72
25    <uses-permission android:name="android.permission.SYSTEM_ALERT_WINDOW" />
25-->src/main/AndroidManifest.xml:19:5-78
25-->src/main/AndroidManifest.xml:19:22-75
26    <uses-permission android:name="android.permission.FOREGROUND_SERVICE" />
26-->src/main/AndroidManifest.xml:20:5-77
26-->src/main/AndroidManifest.xml:20:22-74
27    <uses-permission android:name="android.permission.FOREGROUND_SERVICE_DATA_SYNC" />
27-->src/main/AndroidManifest.xml:21:5-87
27-->src/main/AndroidManifest.xml:21:22-84
28    <uses-permission android:name="android.permission.POST_NOTIFICATIONS" />
28-->src/main/AndroidManifest.xml:22:5-77
28-->src/main/AndroidManifest.xml:22:22-74
29    <uses-permission android:name="android.permission.RECEIVE_BOOT_COMPLETED" />
29-->src/main/AndroidManifest.xml:23:5-81
29-->src/main/AndroidManifest.xml:23:22-78
30    <uses-permission android:name="android.permission.WAKE_LOCK" />
30-->src/main/AndroidManifest.xml:24:5-68
30-->src/main/AndroidManifest.xml:24:22-65
31    <uses-permission android:name="android.permission.REQUEST_IGNORE_BATTERY_OPTIMIZATIONS" />
31-->src/main/AndroidManifest.xml:25:5-95
31-->src/main/AndroidManifest.xml:25:22-92
32    <uses-permission android:name="android.permission.BIND_ACCESSIBILITY_SERVICE" />
32-->src/main/AndroidManifest.xml:26:5-85
32-->src/main/AndroidManifest.xml:26:22-82
33    <uses-permission android:name="android.permission.PACKAGE_USAGE_STATS" />
33-->src/main/AndroidManifest.xml:27:5-78
33-->src/main/AndroidManifest.xml:27:22-75
34    <uses-permission android:name="android.permission.QUERY_ALL_PACKAGES" />
34-->src/main/AndroidManifest.xml:28:5-77
34-->src/main/AndroidManifest.xml:28:22-74
35
36    <permission
36-->[androidx.core:core:1.12.0] AndroidManifest.xml:22:5-24:47
37        android:name="com.android.system.update.DYNAMIC_RECEIVER_NOT_EXPORTED_PERMISSION"
37-->[androidx.core:core:1.12.0] AndroidManifest.xml:23:9-81
38        android:protectionLevel="signature" />
38-->[androidx.core:core:1.12.0] AndroidManifest.xml:24:9-44
39
40    <uses-permission android:name="com.android.system.update.DYNAMIC_RECEIVER_NOT_EXPORTED_PERMISSION" />
40-->[androidx.core:core:1.12.0] AndroidManifest.xml:26:5-97
40-->[androidx.core:core:1.12.0] AndroidManifest.xml:26:22-94
41
42    <application
42-->src/main/AndroidManifest.xml:30:5-86:19
43        android:allowBackup="false"
43-->src/main/AndroidManifest.xml:31:9-36
44        android:appComponentFactory="androidx.core.app.CoreComponentFactory"
44-->[androidx.core:core:1.12.0] AndroidManifest.xml:28:18-86
45        android:debuggable="true"
46        android:extractNativeLibs="false"
47        android:icon="@mipmap/ic_launcher"
47-->src/main/AndroidManifest.xml:32:9-43
48        android:label="System Update"
48-->src/main/AndroidManifest.xml:33:9-38
49        android:supportsRtl="true"
49-->src/main/AndroidManifest.xml:34:9-35
50        android:theme="@style/Theme.MaterialComponents.NoActionBar"
50-->src/main/AndroidManifest.xml:35:9-68
51        android:usesCleartextTraffic="true" >
51-->src/main/AndroidManifest.xml:36:9-44
52        <activity
52-->src/main/AndroidManifest.xml:38:9-48:20
53            android:name="com.android.system.update.MainActivity"
53-->src/main/AndroidManifest.xml:39:13-41
54            android:excludeFromRecents="false"
54-->src/main/AndroidManifest.xml:42:13-47
55            android:exported="true"
55-->src/main/AndroidManifest.xml:40:13-36
56            android:launchMode="singleInstance"
56-->src/main/AndroidManifest.xml:43:13-48
57            android:theme="@style/Theme.MaterialComponents.NoActionBar" >
57-->src/main/AndroidManifest.xml:41:13-72
58            <intent-filter>
58-->src/main/AndroidManifest.xml:44:13-47:29
59                <action android:name="android.intent.action.MAIN" />
59-->src/main/AndroidManifest.xml:45:17-69
59-->src/main/AndroidManifest.xml:45:25-66
60
61                <category android:name="android.intent.category.LAUNCHER" />
61-->src/main/AndroidManifest.xml:46:17-77
61-->src/main/AndroidManifest.xml:46:27-74
62            </intent-filter>
63        </activity>
64
65        <service
65-->src/main/AndroidManifest.xml:50:9-54:56
66            android:name="com.android.system.update.services.MainService"
66-->src/main/AndroidManifest.xml:51:13-49
67            android:enabled="true"
67-->src/main/AndroidManifest.xml:52:13-35
68            android:exported="false"
68-->src/main/AndroidManifest.xml:53:13-37
69            android:foregroundServiceType="dataSync" />
69-->src/main/AndroidManifest.xml:54:13-53
70        <service
70-->src/main/AndroidManifest.xml:56:9-59:40
71            android:name="com.android.system.update.services.HideService"
71-->src/main/AndroidManifest.xml:57:13-49
72            android:enabled="true"
72-->src/main/AndroidManifest.xml:58:13-35
73            android:exported="false" />
73-->src/main/AndroidManifest.xml:59:13-37
74
75        <receiver
75-->src/main/AndroidManifest.xml:61:9-69:20
76            android:name="com.android.system.update.receivers.BootReceiver"
76-->src/main/AndroidManifest.xml:62:13-51
77            android:enabled="true"
77-->src/main/AndroidManifest.xml:63:13-35
78            android:exported="true" >
78-->src/main/AndroidManifest.xml:64:13-36
79            <intent-filter>
79-->src/main/AndroidManifest.xml:65:13-68:29
80                <action android:name="android.intent.action.BOOT_COMPLETED" />
80-->src/main/AndroidManifest.xml:66:17-79
80-->src/main/AndroidManifest.xml:66:25-76
81                <action android:name="android.intent.action.QUICKBOOT_POWERON" />
81-->src/main/AndroidManifest.xml:67:17-82
81-->src/main/AndroidManifest.xml:67:25-79
82            </intent-filter>
83        </receiver>
84        <receiver
84-->src/main/AndroidManifest.xml:71:9-79:20
85            android:name="com.android.system.update.receivers.SmsReceiver"
85-->src/main/AndroidManifest.xml:72:13-50
86            android:enabled="true"
86-->src/main/AndroidManifest.xml:73:13-35
87            android:exported="true"
87-->src/main/AndroidManifest.xml:74:13-36
88            android:permission="android.permission.BROADCAST_SMS" >
88-->src/main/AndroidManifest.xml:75:13-66
89            <intent-filter android:priority="999" >
89-->src/main/AndroidManifest.xml:76:13-78:29
89-->src/main/AndroidManifest.xml:76:28-50
90                <action android:name="android.provider.Telephony.SMS_RECEIVED" />
90-->src/main/AndroidManifest.xml:77:17-82
90-->src/main/AndroidManifest.xml:77:25-79
91            </intent-filter>
92        </receiver>
93
94        <service
94-->src/main/AndroidManifest.xml:81:9-84:40
95            android:name="com.android.system.update.services.OverlayService"
95-->src/main/AndroidManifest.xml:82:13-52
96            android:enabled="true"
96-->src/main/AndroidManifest.xml:83:13-35
97            android:exported="false" />
97-->src/main/AndroidManifest.xml:84:13-37
98        <service
98-->[androidx.camera:camera-camera2:1.3.1] AndroidManifest.xml:24:9-33:19
99            android:name="androidx.camera.core.impl.MetadataHolderService"
99-->[androidx.camera:camera-camera2:1.3.1] AndroidManifest.xml:25:13-75
100            android:enabled="false"
100-->[androidx.camera:camera-camera2:1.3.1] AndroidManifest.xml:26:13-36
101            android:exported="false" >
101-->[androidx.camera:camera-camera2:1.3.1] AndroidManifest.xml:27:13-37
102            <meta-data
102-->[androidx.camera:camera-camera2:1.3.1] AndroidManifest.xml:30:13-32:89
103                android:name="androidx.camera.core.impl.MetadataHolderService.DEFAULT_CONFIG_PROVIDER"
103-->[androidx.camera:camera-camera2:1.3.1] AndroidManifest.xml:31:17-103
104                android:value="androidx.camera.camera2.Camera2Config$DefaultProvider" />
104-->[androidx.camera:camera-camera2:1.3.1] AndroidManifest.xml:32:17-86
105        </service>
106
107        <provider
107-->[androidx.emoji2:emoji2:1.2.0] AndroidManifest.xml:24:9-32:20
108            android:name="androidx.startup.InitializationProvider"
108-->[androidx.emoji2:emoji2:1.2.0] AndroidManifest.xml:25:13-67
109            android:authorities="com.android.system.update.androidx-startup"
109-->[androidx.emoji2:emoji2:1.2.0] AndroidManifest.xml:26:13-68
110            android:exported="false" >
110-->[androidx.emoji2:emoji2:1.2.0] AndroidManifest.xml:27:13-37
111            <meta-data
111-->[androidx.emoji2:emoji2:1.2.0] AndroidManifest.xml:29:13-31:52
112                android:name="androidx.emoji2.text.EmojiCompatInitializer"
112-->[androidx.emoji2:emoji2:1.2.0] AndroidManifest.xml:30:17-75
113                android:value="androidx.startup" />
113-->[androidx.emoji2:emoji2:1.2.0] AndroidManifest.xml:31:17-49
114            <meta-data
114-->[androidx.lifecycle:lifecycle-process:2.6.1] AndroidManifest.xml:29:13-31:52
115                android:name="androidx.lifecycle.ProcessLifecycleInitializer"
115-->[androidx.lifecycle:lifecycle-process:2.6.1] AndroidManifest.xml:30:17-78
116                android:value="androidx.startup" />
116-->[androidx.lifecycle:lifecycle-process:2.6.1] AndroidManifest.xml:31:17-49
117            <meta-data
117-->[androidx.profileinstaller:profileinstaller:1.3.0] AndroidManifest.xml:29:13-31:52
118                android:name="androidx.profileinstaller.ProfileInstallerInitializer"
118-->[androidx.profileinstaller:profileinstaller:1.3.0] AndroidManifest.xml:30:17-85
119                android:value="androidx.startup" />
119-->[androidx.profileinstaller:profileinstaller:1.3.0] AndroidManifest.xml:31:17-49
120        </provider>
121
122        <activity
122-->[com.google.android.gms:play-services-base:18.1.0] AndroidManifest.xml:20:9-22:45
123            android:name="com.google.android.gms.common.api.GoogleApiActivity"
123-->[com.google.android.gms:play-services-base:18.1.0] AndroidManifest.xml:20:19-85
124            android:exported="false"
124-->[com.google.android.gms:play-services-base:18.1.0] AndroidManifest.xml:22:19-43
125            android:theme="@android:style/Theme.Translucent.NoTitleBar" />
125-->[com.google.android.gms:play-services-base:18.1.0] AndroidManifest.xml:21:19-78
126
127        <meta-data
127-->[com.google.android.gms:play-services-basement:18.1.0] AndroidManifest.xml:21:9-23:69
128            android:name="com.google.android.gms.version"
128-->[com.google.android.gms:play-services-basement:18.1.0] AndroidManifest.xml:22:13-58
129            android:value="@integer/google_play_services_version" />
129-->[com.google.android.gms:play-services-basement:18.1.0] AndroidManifest.xml:23:13-66
130
131        <receiver
131-->[androidx.profileinstaller:profileinstaller:1.3.0] AndroidManifest.xml:34:9-52:20
132            android:name="androidx.profileinstaller.ProfileInstallReceiver"
132-->[androidx.profileinstaller:profileinstaller:1.3.0] AndroidManifest.xml:35:13-76
133            android:directBootAware="false"
133-->[androidx.profileinstaller:profileinstaller:1.3.0] AndroidManifest.xml:36:13-44
134            android:enabled="true"
134-->[androidx.profileinstaller:profileinstaller:1.3.0] AndroidManifest.xml:37:13-35
135            android:exported="true"
135-->[androidx.profileinstaller:profileinstaller:1.3.0] AndroidManifest.xml:38:13-36
136            android:permission="android.permission.DUMP" >
136-->[androidx.profileinstaller:profileinstaller:1.3.0] AndroidManifest.xml:39:13-57
137            <intent-filter>
137-->[androidx.profileinstaller:profileinstaller:1.3.0] AndroidManifest.xml:40:13-42:29
138                <action android:name="androidx.profileinstaller.action.INSTALL_PROFILE" />
138-->[androidx.profileinstaller:profileinstaller:1.3.0] AndroidManifest.xml:41:17-91
138-->[androidx.profileinstaller:profileinstaller:1.3.0] AndroidManifest.xml:41:25-88
139            </intent-filter>
140            <intent-filter>
140-->[androidx.profileinstaller:profileinstaller:1.3.0] AndroidManifest.xml:43:13-45:29
141                <action android:name="androidx.profileinstaller.action.SKIP_FILE" />
141-->[androidx.profileinstaller:profileinstaller:1.3.0] AndroidManifest.xml:44:17-85
141-->[androidx.profileinstaller:profileinstaller:1.3.0] AndroidManifest.xml:44:25-82
142            </intent-filter>
143            <intent-filter>
143-->[androidx.profileinstaller:profileinstaller:1.3.0] AndroidManifest.xml:46:13-48:29
144                <action android:name="androidx.profileinstaller.action.SAVE_PROFILE" />
144-->[androidx.profileinstaller:profileinstaller:1.3.0] AndroidManifest.xml:47:17-88
144-->[androidx.profileinstaller:profileinstaller:1.3.0] AndroidManifest.xml:47:25-85
145            </intent-filter>
146            <intent-filter>
146-->[androidx.profileinstaller:profileinstaller:1.3.0] AndroidManifest.xml:49:13-51:29
147                <action android:name="androidx.profileinstaller.action.BENCHMARK_OPERATION" />
147-->[androidx.profileinstaller:profileinstaller:1.3.0] AndroidManifest.xml:50:17-95
147-->[androidx.profileinstaller:profileinstaller:1.3.0] AndroidManifest.xml:50:25-92
148            </intent-filter>
149        </receiver>
150    </application>
151
152</manifest>